2016-10-10T05:30:44+00:00 ERR (3): 
exception 'Mage_Core_Exception' with message 'Invalid block type: Mage_Blog_Block_Blog' in C:\xampp\htdocs\mg1\app\Mage.php:595
Stack trace:
#0 C:\xampp\htdocs\mg1\app\code\core\Mage\Core\Model\Layout.php(495): Mage::throwException('Invalid block t...')
#1 C:\xampp\htdocs\mg1\app\code\core\Mage\Core\Model\Layout.php(437): Mage_Core_Model_Layout->_getBlockInstance('blog/blog', Array)
#2 C:\xampp\htdocs\mg1\app\code\core\Mage\Core\Model\Layout.php(472): Mage_Core_Model_Layout->createBlock('blog/blog', 'latest-blog')
#3 C:\xampp\htdocs\mg1\app\code\core\Mage\Core\Model\Layout.php(239): Mage_Core_Model_Layout->addBlock('blog/blog', 'latest-blog')
#4 C:\xampp\htdocs\mg1\app\code\core\Mage\Core\Model\Layout.php(205): Mage_Core_Model_Layout->_generateBlock(Object(Mage_Core_Model_Layout_Element), Object(Mage_Core_Model_Layout_Element))
#5 C:\xampp\htdocs\mg1\app\code\core\Mage\Core\Model\Layout.php(210): Mage_Core_Model_Layout->generateBlocks(Object(Mage_Core_Model_Layout_Element))
#6 C:\xampp\htdocs\mg1\app\code\core\Mage\Core\Controller\Varien\Action.php(344): Mage_Core_Model_Layout->generateBlocks()
#7 C:\xampp\htdocs\mg1\app\code\core\Mage\Cms\Helper\Page.php(113): Mage_Core_Controller_Varien_Action->generateLayoutBlocks()
#8 C:\xampp\htdocs\mg1\app\code\core\Mage\Cms\Helper\Page.php(52): Mage_Cms_Helper_Page->_renderPage(Object(Mage_Cms_IndexController), 'home')
#9 C:\xampp\htdocs\mg1\app\code\core\Mage\Cms\controllers\IndexController.php(45): Mage_Cms_Helper_Page->renderPage(Object(Mage_Cms_IndexController), 'home')
#10 C:\xampp\htdocs\mg1\app\code\core\Mage\Core\Controller\Varien\Action.php(418): Mage_Cms_IndexController->indexAction()
#11 C:\xampp\htdocs\mg1\app\code\core\Mage\Core\Controller\Varien\Router\Standard.php(254): Mage_Core_Controller_Varien_Action->dispatch('index')
#12 C:\xampp\htdocs\mg1\app\code\core\Mage\Core\Controller\Varien\Front.php(172): Mage_Core_Controller_Varien_Router_Standard->match(Object(Mage_Core_Controller_Request_Http))
#13 C:\xampp\htdocs\mg1\app\code\core\Mage\Core\Model\App.php(365): Mage_Core_Controller_Varien_Front->dispatch()
#14 C:\xampp\htdocs\mg1\app\Mage.php(684): Mage_Core_Model_App->run(Array)
#15 C:\xampp\htdocs\mg1\index.php(83): Mage::run('', 'store')
#16 {main}
2016-10-10T05:33:19+00:00 ERR (3): 
exception 'Mage_Core_Exception' with message 'Invalid block type: Mage_Blog_Block_Blog' in C:\xampp\htdocs\mg1\app\Mage.php:595
Stack trace:
#0 C:\xampp\htdocs\mg1\app\code\core\Mage\Core\Model\Layout.php(495): Mage::throwException('Invalid block t...')
#1 C:\xampp\htdocs\mg1\app\code\core\Mage\Core\Model\Layout.php(437): Mage_Core_Model_Layout->_getBlockInstance('blog/blog', Array)
#2 C:\xampp\htdocs\mg1\app\code\core\Mage\Core\Model\Layout.php(472): Mage_Core_Model_Layout->createBlock('blog/blog', 'latest-blog')
#3 C:\xampp\htdocs\mg1\app\code\core\Mage\Core\Model\Layout.php(239): Mage_Core_Model_Layout->addBlock('blog/blog', 'latest-blog')
#4 C:\xampp\htdocs\mg1\app\code\core\Mage\Core\Model\Layout.php(205): Mage_Core_Model_Layout->_generateBlock(Object(Mage_Core_Model_Layout_Element), Object(Mage_Core_Model_Layout_Element))
#5 C:\xampp\htdocs\mg1\app\code\core\Mage\Core\Model\Layout.php(210): Mage_Core_Model_Layout->generateBlocks(Object(Mage_Core_Model_Layout_Element))
#6 C:\xampp\htdocs\mg1\app\code\core\Mage\Core\Controller\Varien\Action.php(344): Mage_Core_Model_Layout->generateBlocks()
#7 C:\xampp\htdocs\mg1\app\code\core\Mage\Cms\Helper\Page.php(113): Mage_Core_Controller_Varien_Action->generateLayoutBlocks()
#8 C:\xampp\htdocs\mg1\app\code\core\Mage\Cms\Helper\Page.php(52): Mage_Cms_Helper_Page->_renderPage(Object(Mage_Cms_IndexController), 'home-v3')
#9 C:\xampp\htdocs\mg1\app\code\core\Mage\Cms\controllers\IndexController.php(45): Mage_Cms_Helper_Page->renderPage(Object(Mage_Cms_IndexController), 'home-v3')
#10 C:\xampp\htdocs\mg1\app\code\core\Mage\Core\Controller\Varien\Action.php(418): Mage_Cms_IndexController->indexAction()
#11 C:\xampp\htdocs\mg1\app\code\core\Mage\Core\Controller\Varien\Router\Standard.php(254): Mage_Core_Controller_Varien_Action->dispatch('index')
#12 C:\xampp\htdocs\mg1\app\code\core\Mage\Core\Controller\Varien\Front.php(172): Mage_Core_Controller_Varien_Router_Standard->match(Object(Mage_Core_Controller_Request_Http))
#13 C:\xampp\htdocs\mg1\app\code\core\Mage\Core\Model\App.php(365): Mage_Core_Controller_Varien_Front->dispatch()
#14 C:\xampp\htdocs\mg1\app\Mage.php(684): Mage_Core_Model_App->run(Array)
#15 C:\xampp\htdocs\mg1\index.php(83): Mage::run('', 'store')
#16 {main}
2016-10-10T17:18:27+00:00 ERR (3): 
exception 'Mage_Core_Exception' with message 'Invalid block type: Mage_Blog_Block_Blog' in C:\xampp\htdocs\mg1\app\Mage.php:595
Stack trace:
#0 C:\xampp\htdocs\mg1\app\code\core\Mage\Core\Model\Layout.php(495): Mage::throwException('Invalid block t...')
#1 C:\xampp\htdocs\mg1\app\code\core\Mage\Core\Model\Layout.php(437): Mage_Core_Model_Layout->_getBlockInstance('blog/blog', Array)
#2 C:\xampp\htdocs\mg1\app\code\core\Mage\Core\Model\Layout.php(472): Mage_Core_Model_Layout->createBlock('blog/blog', 'latest-blog')
#3 C:\xampp\htdocs\mg1\app\code\core\Mage\Core\Model\Layout.php(239): Mage_Core_Model_Layout->addBlock('blog/blog', 'latest-blog')
#4 C:\xampp\htdocs\mg1\app\code\core\Mage\Core\Model\Layout.php(205): Mage_Core_Model_Layout->_generateBlock(Object(Mage_Core_Model_Layout_Element), Object(Mage_Core_Model_Layout_Element))
#5 C:\xampp\htdocs\mg1\app\code\core\Mage\Core\Model\Layout.php(210): Mage_Core_Model_Layout->generateBlocks(Object(Mage_Core_Model_Layout_Element))
#6 C:\xampp\htdocs\mg1\app\code\core\Mage\Core\Controller\Varien\Action.php(344): Mage_Core_Model_Layout->generateBlocks()
#7 C:\xampp\htdocs\mg1\app\code\core\Mage\Cms\Helper\Page.php(113): Mage_Core_Controller_Varien_Action->generateLayoutBlocks()
#8 C:\xampp\htdocs\mg1\app\code\core\Mage\Cms\Helper\Page.php(52): Mage_Cms_Helper_Page->_renderPage(Object(Mage_Cms_IndexController), 'home-v3')
#9 C:\xampp\htdocs\mg1\app\code\core\Mage\Cms\controllers\IndexController.php(45): Mage_Cms_Helper_Page->renderPage(Object(Mage_Cms_IndexController), 'home-v3')
#10 C:\xampp\htdocs\mg1\app\code\core\Mage\Core\Controller\Varien\Action.php(418): Mage_Cms_IndexController->indexAction()
#11 C:\xampp\htdocs\mg1\app\code\core\Mage\Core\Controller\Varien\Router\Standard.php(254): Mage_Core_Controller_Varien_Action->dispatch('index')
#12 C:\xampp\htdocs\mg1\app\code\core\Mage\Core\Controller\Varien\Front.php(172): Mage_Core_Controller_Varien_Router_Standard->match(Object(Mage_Core_Controller_Request_Http))
#13 C:\xampp\htdocs\mg1\app\code\core\Mage\Core\Model\App.php(365): Mage_Core_Controller_Varien_Front->dispatch()
#14 C:\xampp\htdocs\mg1\app\Mage.php(684): Mage_Core_Model_App->run(Array)
#15 C:\xampp\htdocs\mg1\index.php(83): Mage::run('', 'store')
#16 {main}
